<?xml version="1.0" encoding="UTF-8"?>
<testsuite xmlns:xsi="http://www.w3.org/2001/XMLSchema-instance" xsi:noNamespaceSchemaLocation="https://maven.apache.org/surefire/maven-surefire-plugin/xsd/surefire-test-report-3.0.xsd" version="3.0" name="cucumberOptions.TestRunner" time="0.394" tests="52" errors="0" skipped="0" failures="0">
  <properties>
    <property name="sun.desktop" value="windows"/>
    <property name="awt.toolkit" value="sun.awt.windows.WToolkit"/>
    <property name="file.encoding.pkg" value="sun.io"/>
    <property name="java.specification.version" value="1.8"/>
    <property name="sun.cpu.isalist" value="amd64"/>
    <property name="sun.jnu.encoding" value="Cp1252"/>
    <property name="java.class.path" value="C:\Users\risha\eclipse-workspace\TaggingFeatureAndBackgroundKeyword\target\test-classes;C:\Users\risha\eclipse-workspace\TaggingFeatureAndBackgroundKeyword\target\classes;C:\Users\risha\.m2\repository\io\cucumber\cucumber-java\7.1.0\cucumber-java-7.1.0.jar;C:\Users\risha\.m2\repository\io\cucumber\cucumber-core\7.1.0\cucumber-core-7.1.0.jar;C:\Users\risha\.m2\repository\io\cucumber\cucumber-gherkin\7.1.0\cucumber-gherkin-7.1.0.jar;C:\Users\risha\.m2\repository\io\cucumber\cucumber-gherkin-messages\7.1.0\cucumber-gherkin-messages-7.1.0.jar;C:\Users\risha\.m2\repository\io\cucumber\messages\17.1.1\messages-17.1.1.jar;C:\Users\risha\.m2\repository\io\cucumber\tag-expressions\4.1.0\tag-expressions-4.1.0.jar;C:\Users\risha\.m2\repository\io\cucumber\cucumber-expressions\13.0.1\cucumber-expressions-13.0.1.jar;C:\Users\risha\.m2\repository\io\cucumber\datatable\7.1.0\datatable-7.1.0.jar;C:\Users\risha\.m2\repository\io\cucumber\cucumber-plugin\7.1.0\cucumber-plugin-7.1.0.jar;C:\Users\risha\.m2\repository\io\cucumber\docstring\7.1.0\docstring-7.1.0.jar;C:\Users\risha\.m2\repository\io\cucumber\html-formatter\17.0.0\html-formatter-17.0.0.jar;C:\Users\risha\.m2\repository\io\cucumber\create-meta\6.0.4\create-meta-6.0.4.jar;C:\Users\risha\.m2\repository\org\apiguardian\apiguardian-api\1.1.2\apiguardian-api-1.1.2.jar;C:\Users\risha\.m2\repository\io\cucumber\cucumber-junit\7.1.0\cucumber-junit-7.1.0.jar;C:\Users\risha\.m2\repository\junit\junit\4.11\junit-4.11.jar;C:\Users\risha\.m2\repository\org\hamcrest\hamcrest-core\1.3\hamcrest-core-1.3.jar;"/>
    <property name="java.vm.vendor" value="Oracle Corporation"/>
    <property name="sun.arch.data.model" value="64"/>
    <property name="user.variant" value=""/>
    <property name="java.vendor.url" value="http://java.oracle.com/"/>
    <property name="user.timezone" value="Asia/Calcutta"/>
    <property name="java.vm.specification.version" value="1.8"/>
    <property name="os.name" value="Windows 10"/>
    <property name="user.country" value="IN"/>
    <property name="sun.java.launcher" value="SUN_STANDARD"/>
    <property name="sun.boot.library.path" value="C:\Program Files\Java\jdk1.8.0_202\jre\bin"/>
    <property name="sun.java.command" value="C:\Users\risha\AppData\Local\Temp\surefire8850707729880414581\surefirebooter5214393926386382319.jar C:\Users\risha\AppData\Local\Temp\surefire8850707729880414581 2021-12-04T11-03-17_192-jvmRun1 surefire1154843948941984242tmp surefire_08192680561756476971tmp"/>
    <property name="test" value="TestRunner"/>
    <property name="surefire.test.class.path" value="C:\Users\risha\eclipse-workspace\TaggingFeatureAndBackgroundKeyword\target\test-classes;C:\Users\risha\eclipse-workspace\TaggingFeatureAndBackgroundKeyword\target\classes;C:\Users\risha\.m2\repository\io\cucumber\cucumber-java\7.1.0\cucumber-java-7.1.0.jar;C:\Users\risha\.m2\repository\io\cucumber\cucumber-core\7.1.0\cucumber-core-7.1.0.jar;C:\Users\risha\.m2\repository\io\cucumber\cucumber-gherkin\7.1.0\cucumber-gherkin-7.1.0.jar;C:\Users\risha\.m2\repository\io\cucumber\cucumber-gherkin-messages\7.1.0\cucumber-gherkin-messages-7.1.0.jar;C:\Users\risha\.m2\repository\io\cucumber\messages\17.1.1\messages-17.1.1.jar;C:\Users\risha\.m2\repository\io\cucumber\tag-expressions\4.1.0\tag-expressions-4.1.0.jar;C:\Users\risha\.m2\repository\io\cucumber\cucumber-expressions\13.0.1\cucumber-expressions-13.0.1.jar;C:\Users\risha\.m2\repository\io\cucumber\datatable\7.1.0\datatable-7.1.0.jar;C:\Users\risha\.m2\repository\io\cucumber\cucumber-plugin\7.1.0\cucumber-plugin-7.1.0.jar;C:\Users\risha\.m2\repository\io\cucumber\docstring\7.1.0\docstring-7.1.0.jar;C:\Users\risha\.m2\repository\io\cucumber\html-formatter\17.0.0\html-formatter-17.0.0.jar;C:\Users\risha\.m2\repository\io\cucumber\create-meta\6.0.4\create-meta-6.0.4.jar;C:\Users\risha\.m2\repository\org\apiguardian\apiguardian-api\1.1.2\apiguardian-api-1.1.2.jar;C:\Users\risha\.m2\repository\io\cucumber\cucumber-junit\7.1.0\cucumber-junit-7.1.0.jar;C:\Users\risha\.m2\repository\junit\junit\4.11\junit-4.11.jar;C:\Users\risha\.m2\repository\org\hamcrest\hamcrest-core\1.3\hamcrest-core-1.3.jar;"/>
    <property name="sun.cpu.endian" value="little"/>
    <property name="user.home" value="C:\Users\risha"/>
    <property name="user.language" value="en"/>
    <property name="java.specification.vendor" value="Oracle Corporation"/>
    <property name="java.home" value="C:\Program Files\Java\jdk1.8.0_202\jre"/>
    <property name="basedir" value="C:\Users\risha\eclipse-workspace\TaggingFeatureAndBackgroundKeyword"/>
    <property name="file.separator" value="\"/>
    <property name="line.separator" value="&#10;"/>
    <property name="java.vm.specification.vendor" value="Oracle Corporation"/>
    <property name="java.specification.name" value="Java Platform API Specification"/>
    <property name="java.awt.graphicsenv" value="sun.awt.Win32GraphicsEnvironment"/>
    <property name="surefire.real.class.path" value="C:\Users\risha\AppData\Local\Temp\surefire8850707729880414581\surefirebooter5214393926386382319.jar"/>
    <property name="sun.boot.class.path" value="C:\Program Files\Java\jdk1.8.0_202\jre\lib\resources.jar;C:\Program Files\Java\jdk1.8.0_202\jre\lib\rt.jar;C:\Program Files\Java\jdk1.8.0_202\jre\lib\sunrsasign.jar;C:\Program Files\Java\jdk1.8.0_202\jre\lib\jsse.jar;C:\Program Files\Java\jdk1.8.0_202\jre\lib\jce.jar;C:\Program Files\Java\jdk1.8.0_202\jre\lib\charsets.jar;C:\Program Files\Java\jdk1.8.0_202\jre\lib\jfr.jar;C:\Program Files\Java\jdk1.8.0_202\jre\classes"/>
    <property name="user.script" value=""/>
    <property name="sun.management.compiler" value="HotSpot 64-Bit Tiered Compilers"/>
    <property name="java.runtime.version" value="1.8.0_202-b08"/>
    <property name="user.name" value="risha"/>
    <property name="path.separator" value=";"/>
    <property name="os.version" value="10.0"/>
    <property name="java.endorsed.dirs" value="C:\Program Files\Java\jdk1.8.0_202\jre\lib\endorsed"/>
    <property name="java.runtime.name" value="Java(TM) SE Runtime Environment"/>
    <property name="file.encoding" value="Cp1252"/>
    <property name="java.vm.name" value="Java HotSpot(TM) 64-Bit Server VM"/>
    <property name="localRepository" value="C:\Users\risha\.m2\repository"/>
    <property name="java.vendor.url.bug" value="http://bugreport.sun.com/bugreport/"/>
    <property name="java.io.tmpdir" value="C:\Users\risha\AppData\Local\Temp\"/>
    <property name="java.version" value="1.8.0_202"/>
    <property name="user.dir" value="C:\Users\risha\eclipse-workspace\TaggingFeatureAndBackgroundKeyword"/>
    <property name="os.arch" value="amd64"/>
    <property name="java.vm.specification.name" value="Java Virtual Machine Specification"/>
    <property name="java.awt.printerjob" value="sun.awt.windows.WPrinterJob"/>
    <property name="sun.os.patch.level" value=""/>
    <property name="java.library.path" value="C:\Program Files\Java\jdk1.8.0_202\jre\bin;C:\WINDOWS\Sun\Java\bin;C:\WINDOWS\system32;C:\WINDOWS;C:\Program Files (x86)\Common Files\Oracle\Java\javapath;C:\db_home\bin;C:\Windows\system32;C:\Windows;C:\Windows\System32\Wbem;C:\Windows\System32\WindowsPowerShell\v1.0\;C:\Windows\System32\OpenSSH\;C:\Program Files (x86)\NVIDIA Corporation\PhysX\Common;C:\Program Files\NVIDIA Corporation\NVIDIA NvDLISR;C:\WINDOWS\system32;C:\WINDOWS;C:\WINDOWS\System32\Wbem;C:\WINDOWS\System32\WindowsPowerShell\v1.0\;C:\WINDOWS\System32\OpenSSH\;C:\Program Files\Java\jdk1.8.0_202\bin;C:\Users\risha\apache-maven-3.8.4\bin;C:\Program Files\MySQL\MySQL Shell 8.0\bin\;C:\Users\risha\AppData\Local\Microsoft\WindowsApps;;."/>
    <property name="java.vm.info" value="mixed mode"/>
    <property name="java.vendor" value="Oracle Corporation"/>
    <property name="java.vm.version" value="25.202-b08"/>
    <property name="java.ext.dirs" value="C:\Program Files\Java\jdk1.8.0_202\jre\lib\ext;C:\WINDOWS\Sun\Java\lib\ext"/>
    <property name="sun.io.unicode.encoding" value="UnicodeLittle"/>
    <property name="java.class.version" value="52.0"/>
  </properties>
  <testcase name="Validate the browser" classname="Home page default login #1" time="0.004">
    <system-out><![CDATA[Validate the browse
]]></system-out>
  </testcase>
  <testcase name="Browser is triggered" classname="Home page default login #1" time="0">
    <system-out><![CDATA[Browser is triggered
]]></system-out>
  </testcase>
  <testcase name="Check if browser is started" classname="Home page default login #1" time="0.001">
    <system-out><![CDATA[Check if browser is starte
]]></system-out>
  </testcase>
  <testcase name="User is on landing page" classname="Home page default login #1" time="0">
    <system-out><![CDATA[User is on landing page
]]></system-out>
  </testcase>
  <testcase name="User is on landing page" classname="Home page default login #1" time="0">
    <system-out><![CDATA[User is on landing page
]]></system-out>
  </testcase>
  <testcase name="User login in to application with Rishabh and 12347" classname="Home page default login #1" time="0.001">
    <system-out><![CDATA[Rishabh
12347
]]></system-out>
  </testcase>
  <testcase name="Home page is populated" classname="Home page default login #1" time="0">
    <system-out><![CDATA[Home page is populated
]]></system-out>
  </testcase>
  <testcase name="Home page is populated" classname="Home page default login #1" time="0">
    <system-out><![CDATA[Home page is populated
]]></system-out>
  </testcase>
  <testcase name="Cards are displayed &quot;true&quot;" classname="Home page default login #1" time="0.001">
    <system-out><![CDATA[true
]]></system-out>
  </testcase>
  <testcase name="Cards are displayed &quot;true&quot;" classname="Home page default login #1" time="0">
    <system-out><![CDATA[true
]]></system-out>
  </testcase>
  <testcase name="" classname="Home page default login #1" time="0.001"/>
  <testcase name="" classname="Home page default login #1" time="0"/>
  <testcase name="User login into application with &quot;Rishabh&quot; and &quot;1234&quot;" classname="Home page default login #1" time="0.001">
    <system-out><![CDATA[Rishabh
1234
]]></system-out>
  </testcase>
  <testcase name="Validate the browser" classname="Home page default login #2" time="0">
    <system-out><![CDATA[Validate the browse
]]></system-out>
  </testcase>
  <testcase name="Browser is triggered" classname="Home page default login #2" time="0">
    <system-out><![CDATA[Browser is triggered
]]></system-out>
  </testcase>
  <testcase name="Check if browser is started" classname="Home page default login #2" time="0.001">
    <system-out><![CDATA[Check if browser is starte
]]></system-out>
  </testcase>
  <testcase name="User is on landing page" classname="Home page default login #2" time="0">
    <system-out><![CDATA[User is on landing page
]]></system-out>
  </testcase>
  <testcase name="User is on landing page" classname="Home page default login #2" time="0.002">
    <system-out><![CDATA[User is on landing page
]]></system-out>
  </testcase>
  <testcase name="User login in to application with Risha and 1236" classname="Home page default login #2" time="0.001">
    <system-out><![CDATA[Risha
1236
]]></system-out>
  </testcase>
  <testcase name="Home page is populated" classname="Home page default login #2" time="0">
    <system-out><![CDATA[Home page is populated
]]></system-out>
  </testcase>
  <testcase name="Home page is populated" classname="Home page default login #2" time="0">
    <system-out><![CDATA[Home page is populated
]]></system-out>
  </testcase>
  <testcase name="Cards are displayed &quot;true&quot;" classname="Home page default login #2" time="0.001">
    <system-out><![CDATA[true
]]></system-out>
  </testcase>
  <testcase name="" classname="Home page default login #2" time="0.001"/>
  <testcase name="" classname="Home page default login #2" time="0.001"/>
  <testcase name="User login into application with &quot;John&quot; and &quot;2345&quot;" classname="Home page default login #2" time="0.001">
    <system-out><![CDATA[John
2345
]]></system-out>
  </testcase>
  <testcase name="Cards are displayed &quot;false&quot;" classname="Home page default login #2" time="0.001">
    <system-out><![CDATA[false
]]></system-out>
  </testcase>
  <testcase name="Validate the browser" classname="Home page default login #3" time="0">
    <system-out><![CDATA[Validate the browse
]]></system-out>
  </testcase>
  <testcase name="Browser is triggered" classname="Home page default login #3" time="0">
    <system-out><![CDATA[Browser is triggered
]]></system-out>
  </testcase>
  <testcase name="Check if browser is started" classname="Home page default login #3" time="0.001">
    <system-out><![CDATA[Check if browser is starte
]]></system-out>
  </testcase>
  <testcase name="User is on landing page" classname="Home page default login #3" time="0">
    <system-out><![CDATA[User is on landing page
]]></system-out>
  </testcase>
  <testcase name="User is on landing page" classname="Home page default login #3" time="0">
    <system-out><![CDATA[User is on landing page
]]></system-out>
  </testcase>
  <testcase name="User login in to application with Ris and 12347" classname="Home page default login #3" time="0.001">
    <system-out><![CDATA[Ris
12347
]]></system-out>
  </testcase>
  <testcase name="Home page is populated" classname="Home page default login #3" time="0.001">
    <system-out><![CDATA[Home page is populated
]]></system-out>
  </testcase>
  <testcase name="Home page is populated" classname="Home page default login #3" time="0.001">
    <system-out><![CDATA[Home page is populated
]]></system-out>
  </testcase>
  <testcase name="Cards are displayed &quot;true&quot;" classname="Home page default login #3" time="0">
    <system-out><![CDATA[true
]]></system-out>
  </testcase>
  <testcase name="" classname="Home page default login #3" time="0"/>
  <testcase name="" classname="Home page default login #3" time="0"/>
  <testcase name="User login into application with &quot;John&quot; and &quot;2345&quot;" classname="Home page default login #3" time="0.001">
    <system-out><![CDATA[John
2345
]]></system-out>
  </testcase>
  <testcase name="Cards are displayed &quot;false&quot;" classname="Home page default login #3" time="0">
    <system-out><![CDATA[false
]]></system-out>
  </testcase>
  <testcase name="Validate the browser" classname="Home page default login #4" time="0">
    <system-out><![CDATA[Validate the browse
]]></system-out>
  </testcase>
  <testcase name="Browser is triggered" classname="Home page default login #4" time="0.001">
    <system-out><![CDATA[Browser is triggered
]]></system-out>
  </testcase>
  <testcase name="Check if browser is started" classname="Home page default login #4" time="0">
    <system-out><![CDATA[Check if browser is starte
]]></system-out>
  </testcase>
  <testcase name="User is on landing page" classname="Home page default login #4" time="0.001">
    <system-out><![CDATA[User is on landing page
]]></system-out>
  </testcase>
  <testcase name="User is on landing page" classname="Home page default login #4" time="0">
    <system-out><![CDATA[User is on landing page
]]></system-out>
  </testcase>
  <testcase name="User login in to application with Ri and 12366" classname="Home page default login #4" time="0.001">
    <system-out><![CDATA[Ri
12366
]]></system-out>
  </testcase>
  <testcase name="Home page is populated" classname="Home page default login #4" time="0">
    <system-out><![CDATA[Home page is populated
]]></system-out>
  </testcase>
  <testcase name="Home page is populated" classname="Home page default login #4" time="0">
    <system-out><![CDATA[Home page is populated
]]></system-out>
  </testcase>
  <testcase name="Cards are displayed &quot;true&quot;" classname="Home page default login #4" time="0">
    <system-out><![CDATA[true
]]></system-out>
  </testcase>
  <testcase name="" classname="Home page default login #4" time="0"/>
  <testcase name="" classname="Home page default login #4" time="0.001"/>
  <testcase name="User login into application with &quot;John&quot; and &quot;2345&quot;" classname="Home page default login #4" time="0.001">
    <system-out><![CDATA[John
2345
]]></system-out>
  </testcase>
  <testcase name="Cards are displayed &quot;false&quot;" classname="Home page default login #4" time="0.001">
    <system-out><![CDATA[false
]]></system-out>
  </testcase>
</testsuite>